[debug] [2020-04-21T03:19:42.423Z] ----------------------------------------------------------------------
[debug] [2020-04-21T03:19:42.426Z] Command:       C:\Program Files\nodejs\node.exe C:\Users\mohan\AppData\Roaming\npm\node_modules\firebase-tools\lib\bin\firebase.js init
[debug] [2020-04-21T03:19:42.426Z] CLI Version:   8.1.1
[debug] [2020-04-21T03:19:42.426Z] Platform:      win32
[debug] [2020-04-21T03:19:42.426Z] Node Version:  v10.13.0
[debug] [2020-04-21T03:19:42.433Z] Time:          Mon Apr 20 2020 21:19:42 GMT-0600 (Central Standard Time)
[debug] [2020-04-21T03:19:42.433Z] ----------------------------------------------------------------------
[debug] [2020-04-21T03:19:42.433Z] 
[debug] [2020-04-21T03:19:42.455Z] > command requires scopes: ["email","openid","https://www.googleapis.com/auth/cloudplatformprojects.readonly","https://www.googleapis.com/auth/firebase","https://www.googleapis.com/auth/cloud-platform"]
[debug] [2020-04-21T03:19:42.456Z] > authorizing via signed-in user
[info] 
     ######## #### ########  ######## ########     ###     ######  ########
     ##        ##  ##     ## ##       ##     ##  ##   ##  ##       ##
     ######    ##  ########  ######   ########  #########  ######  ######
     ##        ##  ##    ##  ##       ##     ## ##     ##       ## ##
     ##       #### ##     ## ######## ########  ##     ##  ######  ########

You're about to initialize a Firebase project in this directory:

  C:\Users\mohan\OneDrive\Desktop\website\SimpleBroilerplate\react-redux-firebase-boilerplate

Before we get started, keep in mind:

  * You are initializing in an existing Firebase project directory

